Process "make" started on Tue Jul  7 05:57:45 2015

        make clean pdf


  rm -rf _build/*
  sphinx-build -b pdf -d _build/doctrees   . _build/pdf
  Running Sphinx v1.3.1
  making output directory...
  loading pickled environment... not yet created
  building [mo]: targets for 0 po files that are out of date
  building [pdf]: targets for 1 source files that are out of date
  updating environment: 1 added, 0 changed, 0 removed
  reading sources... [100%] index
  
* WARNING: master file /home/travis/build/rst2pdf/rst2pdf/rst2pdf/tests/input/sphinx-issue280/foobar.rst not found
  looking for now-outdated files... none found
* /home/travis/build/rst2pdf/rst2pdf/rst2pdf/tests/input/sphinx-issue280/index.rst:: WARNING: document isn't included in any toctree
  pickling environment... done
  checking consistency... done
  processing index... index 
  resolving references...
  done
  writing index... done
  build succeeded, 2 warnings.
  
  Build finished. The PDF files are in _build/pdf.

Program make exit code: PASS (0)   elapsed time: 00.8 seconds

Validity of file sphinx-issue280.pdf checksum 'c8a50da610fb3ec8e3065ebbb2113d96' is unknown.
