Process "make" started on Tue Jul  7 05:57:47 2015

        make clean pdf


  rm -rf _build/*
  sphinx-build -b pdf -d _build/doctrees   . _build/pdf
  Running Sphinx v1.3.1
  making output directory...
  loading pickled environment... not yet created
  building [mo]: targets for 0 po files that are out of date
  building [pdf]: targets for 2 source files that are out of date
  updating environment: 2 added, 0 changed, 0 removed
  reading sources... [ 50%] index
  reading sources... [100%] index2
  
  looking for now-outdated files... none found
  pickling environment... done
* /home/travis/build/rst2pdf/rst2pdf/rst2pdf/tests/input/sphinx-issue364/index2.rst:: WARNING: document isn't included in any toctree
  checking consistency... done
  processing index... index 
  resolving references...
  done
  writing index... done
  processing index2... index2 
  resolving references...
  done
  writing index2... done
  build succeeded, 1 warning.
  
  Build finished. The PDF files are in _build/pdf.

Program make exit code: PASS (0)   elapsed time: 00.9 seconds

Validity of file index2.pdf checksum '238350228ee6dc398670587075bd3c25 b82490ca0803e42b5948d125b6a5859f' is unknown.
