Process "make" started on Tue Jul  7 01:35:38 2015

        make clean pdf


  rm -rf _build/*
  sphinx-build -b pdf -d _build/doctrees   . _build/pdf
  Running Sphinx v1.3.1
  making output directory...
  loading pickled environment... not yet created
  building [mo]: targets for 0 po files that are out of date
  building [pdf]: targets for 2 source files that are out of date
  updating environment: 2 added, 0 changed, 0 removed
  reading sources... [ 50%] foobar
  reading sources... [100%] index
  
  looking for now-outdated files... none found
* /home/travis/build/pmaupin/radioactive-rst2pdf-testing/rst2pdf/tests/input/sphinx-issue257/index.rst:: WARNING: document isn't included in any toctree
  pickling environment... done
  checking consistency... done
  processing index... index 
  resolving references...
  done
  writing index... done
  build succeeded, 1 warning.
  
  Build finished. The PDF files are in _build/pdf.

Program make exit code: PASS (0)   elapsed time: 00.8 seconds

Validity of file sphinx-issue257.pdf checksum '8e846df6781acbcf45e4d90f82b9b967' is unknown.
