Process "make" started on Tue Jul  7 06:01:51 2015

        make clean pdf


  rm -rf _build/*
  sphinx-build -b pdf -d _build/doctrees   . _build/pdf
  Running Sphinx v1.3.1
  making output directory...
  loading pickled environment... not yet created
  building [mo]: targets for 0 po files that are out of date
  building [pdf]: targets for 2 source files that are out of date
  updating environment: 2 added, 0 changed, 0 removed
  reading sources... [ 50%] index
  reading sources... [100%] module
  
  looking for now-outdated files... none found
  pickling environment... done
  checking consistency... done
  processing MyProject... index module  py-modindex
  
  resolving references...
  done
* [WARNING] styles.py:548 Using undefined style 'function', aliased to style 'normal'.
  writing MyProject... done
  build succeeded.
  
  Build finished. The PDF files are in _build/pdf.

Program make exit code: PASS (0)   elapsed time: 00.9 seconds

Validity of file sphinx-issue172.pdf checksum '5357a62e35f9129f927cb52a1e2e8650' is unknown.
