Process "make" started on Tue Jul  7 05:57:38 2015

        make clean pdf


  rm -rf _build/*
  sphinx-build -b pdf -d _build/doctrees   . _build/pdf
  Running Sphinx v1.3.1
  making output directory...
  loading pickled environment... not yet created
  building [mo]: targets for 0 po files that are out of date
  building [pdf]: targets for 1 source files that are out of date
  updating environment: 1 added, 0 changed, 0 removed
  reading sources... [100%] index
  
  looking for now-outdated files... none found
  pickling environment... done
  checking consistency... done
  processing MyProject... index 
  resolving references...
  done
  writing MyProject... done
  build succeeded.
  
  Build finished. The PDF files are in _build/pdf.

Program make exit code: PASS (0)   elapsed time: 00.9 seconds

Validity of file sphinx-issue162.pdf checksum 'd47aec3c2efaa0d7d49dd004a1d3557a' is unknown.
