Process "make" started on Tue Jul  7 04:31:29 2015

        make clean pdf


  rm -rf _build/*
  sphinx-build -b pdf -d _build/doctrees   . _build/pdf
  Running Sphinx v1.3.1
  making output directory...
  loading pickled environment... not yet created
  building [mo]: targets for 0 po files that are out of date
  building [pdf]: targets for 2 source files that are out of date
  updating environment: 2 added, 0 changed, 0 removed
  reading sources... [ 50%] index
  reading sources... [100%] index2
  
  looking for now-outdated files... none found
  pickling environment... done
* /home/travis/build/pmaupin/radioactive-rst2pdf-testing/rst2pdf/tests/input/sphinx-multidoc/index2.rst:: WARNING: document isn't included in any toctree
  checking consistency... done
  processing MyProject1... index 
  resolving references...
  done
  writing MyProject1... done
  processing MyProject2... index2 
  resolving references...
  done
  writing MyProject2... done
  build succeeded, 1 warning.
  
  Build finished. The PDF files are in _build/pdf.

Program make exit code: PASS (0)   elapsed time: 00.9 seconds

Validity of file MyProject2.pdf checksum 'd20df887c8905210d83a5cdf7fa5c807 b9a98476ac10781c0a9880465b53db36' is unknown.
