Process "make" started on Tue Jul  7 06:02:27 2015

        make clean pdf


  rm -rf _build/*
  sphinx-build -b pdf -d _build/doctrees   . _build/pdf
  Running Sphinx v1.3.1
  making output directory...
  loading pickled environment... not yet created
  building [mo]: targets for 0 po files that are out of date
  building [pdf]: targets for 1 source files that are out of date
  updating environment: 1 added, 0 changed, 0 removed
  reading sources... [100%] index
  
  looking for now-outdated files... none found
  pickling environment... done
  checking consistency... done
  processing MyProject... index 
  resolving references...
  done
  writing MyProject... done
  build succeeded.
  
  Build finished. The PDF files are in _build/pdf.

Program make exit code: PASS (0)   elapsed time: 00.7 seconds

Validity of file sphinx-issue187.pdf checksum '4f4c7c8f08a898e0f870f66e6a0866a8' is unknown.
