Process "make" started on Tue Jul  7 06:04:21 2015

        make clean pdf


  rm -rf _build/*
  sphinx-build -b pdf -d _build/doctrees   . _build/pdf
  Running Sphinx v1.3.1
  making output directory...
  loading pickled environment... not yet created
  building [mo]: targets for 0 po files that are out of date
  building [pdf]: targets for 2 source files that are out of date
  updating environment: 2 added, 0 changed, 0 removed
  reading sources... [ 50%] index
  reading sources... [100%] index2
  
  looking for now-outdated files... none found
  pickling environment... done
* /home/travis/build/rst2pdf/rst2pdf/rst2pdf/tests/input/sphinx-multidoc/index2.rst:: WARNING: document isn't included in any toctree
  checking consistency... done
  processing MyProject1... index 
  resolving references...
  done
  writing MyProject1... done
  processing MyProject2... index2 
  resolving references...
  done
  writing MyProject2... done
  build succeeded, 1 warning.
  
  Build finished. The PDF files are in _build/pdf.

Program make exit code: PASS (0)   elapsed time: 01.0 seconds

Validity of file MyProject2.pdf checksum '13ad2e3a5e5f9540e991df0eb462a44b e40711227eaa5c06303f1fe188fdc982' is unknown.
