Process "make" started on Sun Jul  5 14:10:53 2015

        make clean pdf


  rm -rf _build/*
  sphinx-build -b pdf -d _build/doctrees   . _build/pdf
  Running Sphinx v1.3.1
  making output directory...
  loading pickled environment... not yet created
  building [mo]: targets for 0 po files that are out of date
  building [pdf]: targets for 2 source files that are out of date
  updating environment: 2 added, 0 changed, 0 removed
  reading sources... [ 50%] index
  reading sources... [100%] index2
  
  looking for now-outdated files... none found
  pickling environment... done
* /home/pmaupin/projects/opensource/rst2pdf-0.93/rst2pdf/tests/input/sphinx-multidoc/index2.rst:: WARNING: document isn't included in any toctree
  checking consistency... done
  processing MyProject1... index 
  resolving references...
  done
  writing MyProject1... done
  processing MyProject2... index2 
  resolving references...
  done
  writing MyProject2... done
  build succeeded, 1 warning.
  
  Build finished. The PDF files are in _build/pdf.

Program make exit code: PASS (0)   elapsed time: 00.6 seconds

Validity of file MyProject2.pdf checksum 'b2d7cc1ee3be05e04bef3971daff11fe 675b8b8205c737546a1e2862afca061e' is unknown.
