Process "make" started on Tue Jul  7 01:41:54 2015

        make clean pdf


  rm -rf _build/*
  sphinx-build -b pdf -d _build/doctrees   . _build/pdf
  Running Sphinx v1.3.1
  making output directory...
  loading pickled environment... not yet created
  building [mo]: targets for 0 po files that are out of date
  building [pdf]: targets for 2 source files that are out of date
  updating environment: 2 added, 0 changed, 0 removed
  reading sources... [ 50%] index
  reading sources... [100%] index2
  
  looking for now-outdated files... none found
  pickling environment... done
  checking consistency... done
  processing MyProject1... index 
  resolving references...
  done
  writing MyProject1... done
  build succeeded.
  
  Build finished. The PDF files are in _build/pdf.

Program make exit code: PASS (0)   elapsed time: 01.1 seconds

Validity of file sphinx-issue388.pdf checksum 'd8432eb71a403095a93ec07884f00fc2' is unknown.
