Process "make" started on Tue Jul  7 01:35:38 2015

        make clean pdf


  rm -rf _build/*
  sphinx-build -b pdf -d _build/doctrees   . _build/pdf
  Running Sphinx v1.3.1
  making output directory...
  loading pickled environment... not yet created
  building [mo]: targets for 0 po files that are out of date
  building [pdf]: targets for 7 source files that are out of date
  updating environment: 7 added, 0 changed, 0 removed
  reading sources... [ 14%] code
  reading sources... [ 28%] index
  reading sources... [ 42%] index-gen
  reading sources... [ 57%] inline
  reading sources... [ 71%] misc
  reading sources... [ 85%] module
  reading sources... [100%] paragraph
  
* /home/travis/build/pmaupin/radioactive-rst2pdf-testing/rst2pdf/tests/input/sphinx-markup/inline.rst:8: ERROR: Unknown interpreted text role "cfunc".
* /home/travis/build/pmaupin/radioactive-rst2pdf-testing/rst2pdf/tests/input/sphinx-markup/module.rst:18: ERROR: Unknown directive type "cfunction".
* 
* .. cfunction:: PyObject* PyType_GenericAlloc(PyTypeObject *type, Py_ssize_t nitems)
* /home/travis/build/pmaupin/radioactive-rst2pdf-testing/rst2pdf/tests/input/sphinx-markup/module.rst:20: ERROR: Unknown directive type "cmember".
* 
* .. cmember:: PyObject* PyTypeObject.tp_bases
* /home/travis/build/pmaupin/radioactive-rst2pdf-testing/rst2pdf/tests/input/sphinx-markup/module.rst:22: ERROR: Unknown directive type "cvar".
* 
* .. cvar:: PyObject* PyClass_Type
  looking for now-outdated files... none found
  pickling environment... done
  checking consistency... done
  processing MyProject... index module inline paragraph code misc index-gen  py-modindex
  
  resolving references...
* None:None: WARNING: undefined label: glossary (if the link has no caption the label must precede a section header)
  done
* [WARNING] styles.py:548 Using undefined style 'function', aliased to style 'normal'.
* [WARNING] styles.py:548 Using undefined style 'cmdoption', aliased to style 'normal'.
* [WARNING] styles.py:548 Using undefined style 'describe', aliased to style 'normal'.
* [WARNING] styles.py:548 Using undefined style 'menuselection', aliased to style 'normal'.
* [WARNING] styles.py:548 Using undefined style 'regexp', aliased to style 'normal'.
* [WARNING] styles.py:548 Using undefined style 'seealso-heading', aliased to style 'normal'.
  writing MyProject... done
  build succeeded, 5 warnings.
  
  Build finished. The PDF files are in _build/pdf.

Program make exit code: PASS (0)   elapsed time: 02.0 seconds

Validity of file sphinx-markup.pdf checksum 'dc2eb53afe64042ad8005091ed28ebdc' is unknown.
