Process "make" started on Tue Jul  7 01:42:45 2015

        make clean pdf


  rm -rf build/*
  sphinx-build -b pdf -d build/doctrees   source build/pdf
  Running Sphinx v1.3.1
  making output directory...
  loading pickled environment... not yet created
  building [mo]: targets for 0 po files that are out of date
  building [pdf]: targets for 1 source files that are out of date
  updating environment: 1 added, 0 changed, 0 removed
  reading sources... [100%] index
  
  looking for now-outdated files... none found
  pickling environment... done
  checking consistency... done
  processing sample... index 
  resolving references...
  done
  writing sample... done
  build succeeded.
  
  Build finished. The pdf file is in build/pdf.

Program make exit code: PASS (0)   elapsed time: 01.9 seconds

Validity of file sphinx-issue360.pdf checksum '92a08c15b4339710585eebe5a6d3bacf' is unknown.
