Process "make" started on Tue Jul  7 04:24:52 2015

        make clean pdf


  rm -rf _build/*
  sphinx-build -b pdf -d _build/doctrees   . _build/pdf
  Running Sphinx v1.3.1
  making output directory...
  loading pickled environment... not yet created
  building [mo]: targets for 0 po files that are out of date
  building [pdf]: targets for 3 source files that are out of date
  updating environment: 3 added, 0 changed, 0 removed
  reading sources... [ 33%] contents
  reading sources... [ 66%] index1
  reading sources... [100%] index2
  
  looking for now-outdated files... none found
  pickling environment... done
  checking consistency... done
  processing MyProject... contents index1 index2 
  resolving references...
  done
  writing MyProject... done
  build succeeded.
  
  Build finished. The PDF files are in _build/pdf.

Program make exit code: PASS (0)   elapsed time: 01.2 seconds

Validity of file sphinx-issue196.pdf checksum '4ef6cf8006a59d4e81c9f7c37d5946a0' is unknown.
